<?xml version="1.0" encoding="UTF-8"?>
<!-- Generated by org.testng.reporters.JUnitXMLReporter -->
<testsuite ignored="0" hostname="Vaibhav" failures="0" tests="2" name="ChromeTest" time="24.63" errors="0" timestamp="03 Jun 2022 12:11:14 GMT">
  <testcase classname="testClass_pacakge.TestClass" name="@BeforeTest launchBrowser" time="23.753">
    <failure type="org.openqa.selenium.SessionNotCreatedException" message="session not created: This version of ChromeDriver only supports Chrome version 85
Build info: version: &amp;apos;3.141.59&amp;apos;, revision: &amp;apos;e82be7d358&amp;apos;, time: &amp;apos;2018-11-14T08:17:03&amp;apos;
System info: host: &amp;apos;VAIBHAV&amp;apos;, ip: &amp;apos;192.168.188.147&amp;apos;, os.name: &amp;apos;Windows 10&amp;apos;, os.arch: &amp;apos;amd64&amp;apos;, os.version: &amp;apos;10.0&amp;apos;, java.version: &amp;apos;17.0.2&amp;apos;
Driver info: driver.version: ChromeDriver
remote stacktrace: Backtrace:
	Ordinal0 [0x00B9D383+3134339]
	Ordinal0 [0x00A8A171+2007409]
	Ordinal0 [0x0092AEE8+569064]
	Ordinal0 [0x008B139F+70559]
	Ordinal0 [0x008ACC63+52323]
	Ordinal0 [0x008D0DFC+200188]
	Ordinal0 [0x008D0C1D+199709]
	Ordinal0 [0x008CEB0B+191243]
	Ordinal0 [0x008B2E77+77431]
	Ordinal0 [0x008B3E3E+81470]
	Ordinal0 [0x008B3DC9+81353]
	Ordinal0 [0x00AA0CD9+2100441]
	GetHandleVerifier [0x00D0B75A+1396954]
	GetHandleVerifier [0x00D0B3D9+1396057]
	GetHandleVerifier [0x00D17126+1444518]
	GetHandleVerifier [0x00D0BCE8+1398376]
	Ordinal0 [0x00A97F51+2064209]
	Ordinal0 [0x00AA22EB+2106091]
	Ordinal0 [0x00AA2411+2106385]
	Ordinal0 [0x00AB49C4+2181572]
	BaseThreadInitThunk [0x76E9FA29+25]
	RtlGetAppContainerNamedObjectPath [0x771D7A7E+286]
	RtlGetAppContainerNamedObjectPath [0x771D7A4E+238]
">
      <![CDATA[org.openqa.selenium.SessionNotCreatedException: session not created: This version of ChromeDriver only supports Chrome version 85
Build info: version: '3.141.59', revision: 'e82be7d358', time: '2018-11-14T08:17:03'
System info: host: 'VAIBHAV', ip: '192.168.188.147', os.name: 'Windows 10', os.arch: 'amd64', os.version: '10.0', java.version: '17.0.2'
Driver info: driver.version: ChromeDriver
remote stacktrace: Backtrace:
Ordinal0 [0x00B9D383+3134339]
Ordinal0 [0x00A8A171+2007409]
Ordinal0 [0x0092AEE8+569064]
Ordinal0 [0x008B139F+70559]
Ordinal0 [0x008ACC63+52323]
Ordinal0 [0x008D0DFC+200188]
Ordinal0 [0x008D0C1D+199709]
Ordinal0 [0x008CEB0B+191243]
Ordinal0 [0x008B2E77+77431]
Ordinal0 [0x008B3E3E+81470]
Ordinal0 [0x008B3DC9+81353]
Ordinal0 [0x00AA0CD9+2100441]
GetHandleVerifier [0x00D0B75A+1396954]
GetHandleVerifier [0x00D0B3D9+1396057]
GetHandleVerifier [0x00D17126+1444518]
GetHandleVerifier [0x00D0BCE8+1398376]
Ordinal0 [0x00A97F51+2064209]
Ordinal0 [0x00AA22EB+2106091]
Ordinal0 [0x00AA2411+2106385]
Ordinal0 [0x00AB49C4+2181572]
BaseThreadInitThunk [0x76E9FA29+25]
RtlGetAppContainerNamedObjectPath [0x771D7A7E+286]
RtlGetAppContainerNamedObjectPath [0x771D7A4E+238]

at org.openqa.selenium.remote.W3CHandshakeResponse.lambda$errorHandler$0(W3CHandshakeResponse.java:62)
at org.openqa.selenium.remote.HandshakeResponse.lambda$getResponseFunction$0(HandshakeResponse.java:30)
at org.openqa.selenium.remote.ProtocolHandshake.lambda$createSession$0(ProtocolHandshake.java:126)
at java.base/java.util.stream.ReferencePipeline$3$1.accept(ReferencePipeline.java:197)
at java.base/java.util.Spliterators$ArraySpliterator.tryAdvance(Spliterators.java:1002)
at java.base/java.util.stream.ReferencePipeline.forEachWithCancel(ReferencePipeline.java:129)
at java.base/java.util.stream.AbstractPipeline.copyIntoWithCancel(AbstractPipeline.java:527)
at java.base/java.util.stream.AbstractPipeline.copyInto(AbstractPipeline.java:513)
at java.base/java.util.stream.AbstractPipeline.wrapAndCopyInto(AbstractPipeline.java:499)
at java.base/java.util.stream.FindOps$FindOp.evaluateSequential(FindOps.java:150)
at java.base/java.util.stream.AbstractPipeline.evaluate(AbstractPipeline.java:234)
at java.base/java.util.stream.ReferencePipeline.findFirst(ReferencePipeline.java:647)
at org.openqa.selenium.remote.ProtocolHandshake.createSession(ProtocolHandshake.java:128)
at org.openqa.selenium.remote.ProtocolHandshake.createSession(ProtocolHandshake.java:74)
at org.openqa.selenium.remote.HttpCommandExecutor.execute(HttpCommandExecutor.java:136)
at org.openqa.selenium.remote.service.DriverCommandExecutor.execute(DriverCommandExecutor.java:83)
at org.openqa.selenium.remote.RemoteWebDriver.execute(RemoteWebDriver.java:552)
at org.openqa.selenium.remote.RemoteWebDriver.startSession(RemoteWebDriver.java:213)
at org.openqa.selenium.remote.RemoteWebDriver.<init>(RemoteWebDriver.java:131)
at org.openqa.selenium.chrome.ChromeDriver.<init>(ChromeDriver.java:181)
at org.openqa.selenium.chrome.ChromeDriver.<init>(ChromeDriver.java:168)
at org.openqa.selenium.chrome.ChromeDriver.<init>(ChromeDriver.java:123)
at testBrowserSetup.Pojo.openChromeBrowser(Pojo.java:12)
at testClass_pacakge.TestClass.launchBrowser(TestClass.java:46)
... Removed 29 stack frames]]>
    </failure>
  </testcase> <!-- @BeforeTest launchBrowser -->
  <testcase classname="testClass_pacakge.TestClass" name="@BeforeClass createObject" time="0.0">
    <skipped/>
  </testcase> <!-- @BeforeClass createObject -->
  <testcase classname="testClass_pacakge.TestClass" name="@BeforeMethod loginToUserAccount" time="0.0">
    <skipped/>
  </testcase> <!-- @BeforeMethod loginToUserAccount -->
  <testcase classname="testClass_pacakge.TestClass" name="@AfterMethod logoutAccount" time="0.0">
    <skipped/>
  </testcase> <!-- @AfterMethod logoutAccount -->
  <testcase classname="testClass_pacakge.TestClass" name="@BeforeMethod loginToUserAccount" time="0.0">
    <skipped/>
  </testcase> <!-- @BeforeMethod loginToUserAccount -->
  <testcase classname="testClass_pacakge.TestClass" name="@AfterMethod logoutAccount" time="0.0">
    <skipped/>
  </testcase> <!-- @AfterMethod logoutAccount -->
  <testcase classname="testClass_pacakge.TestClass" name="@AfterClass clearObjects" time="0.0">
    <skipped/>
  </testcase> <!-- @AfterClass clearObjects -->
  <testcase classname="testClass_pacakge.TestClass" name="@AfterTest closedBrowser" time="0.0">
    <skipped/>
  </testcase> <!-- @AfterTest closedBrowser -->
  <testcase classname="testClass_pacakge.TestClass" name="verifydashboard" time="0.0">
    <skipped/>
  </testcase> <!-- verifydashboard -->
  <testcase classname="testClass_pacakge.TestClass" name="verifyorder" time="0.0">
    <skipped/>
  </testcase> <!-- verifyorder -->
</testsuite> <!-- ChromeTest -->
